<?xml version="1.0" encoding="UTF-8"?>
<!-- Generated by org.testng.reporters.JUnitReportReporter -->
<testsuite hostname="DESKTOP-6JB123S" failures="0" tests="1" name="com.connectEDPortfolio.testCases.Employer_Login" time="20.710" errors="0" timestamp="2022-07-08T15:01:38 NPT" skipped="0">
  <testcase classname="com.connectEDPortfolio.testCases.Employer_Login" name="positiveLoginTestCase" time="20.710"/>
  <system-out/>
</testsuite> <!-- com.connectEDPortfolio.testCases.Employer_Login -->
