<?xml version="1.0" encoding="UTF-8"?>
<!-- Generated by org.testng.reporters.JUnitReportReporter -->
<testsuite hostname="DESKTOP-6JB123S" failures="0" tests="6" name="com.connectEDPortfolio.testCases.Employer_Student_Page" time="96.679" errors="0" timestamp="2022-07-13T10:37:54 NPT" skipped="0">
  <testcase classname="com.connectEDPortfolio.testCases.Employer_Student_Page" name="goToStudentPage" time="5.118"/>
  <system-out/>
  <testcase classname="com.connectEDPortfolio.testCases.Employer_Student_Page" name="searchStudent" time="6.478"/>
  <system-out/>
  <testcase classname="com.connectEDPortfolio.testCases.Employer_Student_Page" name="filterStudentByProgName" time="11.680"/>
  <system-out/>
  <testcase classname="com.connectEDPortfolio.testCases.Employer_Student_Page" name="viewProgressBtnFromModal" time="10.869"/>
  <system-out/>
  <testcase classname="com.connectEDPortfolio.testCases.Employer_Student_Page" name="editStudent" time="54.924"/>
  <system-out/>
  <testcase classname="com.connectEDPortfolio.testCases.Employer_Student_Page" name="deleteStudent" time="7.610"/>
  <system-out/>
</testsuite> <!-- com.connectEDPortfolio.testCases.Employer_Student_Page -->
