<?xml version="1.0" encoding="UTF-8"?>
<!-- Generated by org.testng.reporters.JUnitReportReporter -->
<testsuite hostname="DESKTOP-6JB123S" failures="0" tests="6" name="com.connectEDPortfolio.testCases.Employer_Student_Page" time="95.426" errors="0" timestamp="2022-07-12T11:12:58 NPT" skipped="0">
  <testcase classname="com.connectEDPortfolio.testCases.Employer_Student_Page" name="goToStudentPage" time="5.138"/>
  <system-out/>
  <testcase classname="com.connectEDPortfolio.testCases.Employer_Student_Page" name="searchStudent" time="6.005"/>
  <system-out/>
  <testcase classname="com.connectEDPortfolio.testCases.Employer_Student_Page" name="filterStudentByProgName" time="11.709"/>
  <system-out/>
  <testcase classname="com.connectEDPortfolio.testCases.Employer_Student_Page" name="viewProgressBtnFromModal" time="10.730"/>
  <system-out/>
  <testcase classname="com.connectEDPortfolio.testCases.Employer_Student_Page" name="editStudent" time="54.272"/>
  <system-out/>
  <testcase classname="com.connectEDPortfolio.testCases.Employer_Student_Page" name="deleteStudent" time="7.572"/>
  <system-out/>
</testsuite> <!-- com.connectEDPortfolio.testCases.Employer_Student_Page -->
