<?xml version="1.0" encoding="UTF-8"?>
<!-- Generated by org.testng.reporters.JUnitReportReporter -->
<testsuite hostname="DESKTOP-6JB123S" failures="0" tests="1" name="com.connectEDPortfolio.testCases.Employer_HomePage" time="46.050" errors="0" timestamp="2022-07-13T12:15:32 NPT" skipped="0">
  <testcase classname="com.connectEDPortfolio.testCases.Employer_HomePage" name="homePageVerification" time="46.050"/>
  <system-out/>
</testsuite> <!-- com.connectEDPortfolio.testCases.Employer_HomePage -->
