<?xml version="1.0" encoding="UTF-8"?>
<!-- Generated by org.testng.reporters.JUnitReportReporter -->
<testsuite hostname="DESKTOP-6JB123S" failures="0" tests="3" name="com.connectEDPortfolio.testCases.RoughOutput" time="138.164" errors="0" timestamp="2022-06-29T22:22:25 NPT" skipped="0">
  <testcase classname="com.connectEDPortfolio.testCases.RoughOutput" name="employerLogin" time="120.586"/>
  <system-out/>
  <testcase classname="com.connectEDPortfolio.testCases.RoughOutput" name="goToStudentPage" time="5.265"/>
  <system-out/>
  <testcase classname="com.connectEDPortfolio.testCases.RoughOutput" name="filterStudentByProgName" time="12.313"/>
  <system-out/>
</testsuite> <!-- com.connectEDPortfolio.testCases.RoughOutput -->
