<?xml version="1.0" encoding="UTF-8"?>
<!-- Generated by org.testng.reporters.JUnitReportReporter -->
<testsuite hostname="DESKTOP-6JB123S" failures="0" tests="6" name="com.connectEDPortfolio.testCases.Employer_Student_Page" time="101.027" errors="0" timestamp="2022-06-30T22:46:19 NPT" skipped="0">
  <testcase classname="com.connectEDPortfolio.testCases.Employer_Student_Page" name="goToStudentPage" time="5.212"/>
  <system-out/>
  <testcase classname="com.connectEDPortfolio.testCases.Employer_Student_Page" name="searchStudent" time="6.649"/>
  <system-out/>
  <testcase classname="com.connectEDPortfolio.testCases.Employer_Student_Page" name="filterStudentByProgName" time="12.196"/>
  <system-out/>
  <testcase classname="com.connectEDPortfolio.testCases.Employer_Student_Page" name="viewProgressBtnFromModal" time="12.384"/>
  <system-out/>
  <testcase classname="com.connectEDPortfolio.testCases.Employer_Student_Page" name="editStudent" time="56.626"/>
  <system-out/>
  <testcase classname="com.connectEDPortfolio.testCases.Employer_Student_Page" name="deleteStudent" time="7.960"/>
  <system-out/>
</testsuite> <!-- com.connectEDPortfolio.testCases.Employer_Student_Page -->
