<?xml version="1.0" encoding="UTF-8"?>
<!-- Generated by org.testng.reporters.JUnitReportReporter -->
<testsuite hostname="DESKTOP-6JB123S" failures="0" tests="1" name="com.connectEDPortfolio.testCases.TC_AdminLogin_01" time="37.283" errors="0" timestamp="2022-05-16T11:28:49 NPT" skipped="0">
  <testcase classname="com.connectEDPortfolio.testCases.TC_AdminLogin_01" name="adminValidLoginTest" time="37.283"/>
  <system-out/>
</testsuite> <!-- com.connectEDPortfolio.testCases.TC_AdminLogin_01 -->
