<?xml version="1.0" encoding="UTF-8"?>
<!-- Generated by org.testng.reporters.JUnitReportReporter -->
<testsuite hostname="DESKTOP-6JB123S" failures="0" tests="4" name="com.connectEDPortfolio.testCases.Employer_Create_Student_ETS05" time="131.700" errors="0" timestamp="2022-07-08T15:01:38 NPT" skipped="0">
  <testcase classname="com.connectEDPortfolio.testCases.Employer_Create_Student_ETS05" name="addNewStudent" time="51.138"/>
  <system-out/>
  <testcase classname="com.connectEDPortfolio.testCases.Employer_Create_Student_ETS05" name="assignProgToExistingStu" time="41.944"/>
  <system-out/>
  <testcase classname="com.connectEDPortfolio.testCases.Employer_Create_Student_ETS05" name="addStudentNegativeTest" time="15.756"/>
  <system-out/>
  <testcase classname="com.connectEDPortfolio.testCases.Employer_Create_Student_ETS05" name="bulkImportStudent" time="22.862"/>
  <system-out/>
</testsuite> <!-- com.connectEDPortfolio.testCases.Employer_Create_Student_ETS05 -->
