<?xml version="1.0" encoding="UTF-8"?>
<!-- Generated by org.testng.reporters.JUnitReportReporter -->
<testsuite hostname="DESKTOP-6JB123S" failures="0" tests="1" name="com.connectEDPortfolio.testCases.Employer_HomePage" time="45.659" errors="0" timestamp="2022-06-30T22:46:19 NPT" skipped="0">
  <testcase classname="com.connectEDPortfolio.testCases.Employer_HomePage" name="homePageVerification" time="45.659"/>
  <system-out/>
</testsuite> <!-- com.connectEDPortfolio.testCases.Employer_HomePage -->
