<?xml version="1.0" encoding="UTF-8"?>
<!-- Generated by org.testng.reporters.JUnitReportReporter -->
<testsuite hostname="DESKTOP-6JB123S" failures="0" tests="1" name="com.connectEDPortfolio.testCases.Employer_Login" time="17.516" errors="0" timestamp="2022-07-13T10:37:54 NPT" skipped="0">
  <testcase classname="com.connectEDPortfolio.testCases.Employer_Login" name="positiveLoginTestCase" time="17.516"/>
  <system-out/>
</testsuite> <!-- com.connectEDPortfolio.testCases.Employer_Login -->
