<?xml version="1.0" encoding="UTF-8"?>
<!-- Generated by org.testng.reporters.JUnitReportReporter -->
<testsuite hostname="DESKTOP-6JB123S" failures="0" tests="6" name="com.connectEDPortfolio.testCases.Employer_Student_Page" time="100.071" errors="0" timestamp="2022-07-13T12:15:32 NPT" skipped="0">
  <testcase classname="com.connectEDPortfolio.testCases.Employer_Student_Page" name="goToStudentPage" time="5.133"/>
  <system-out/>
  <testcase classname="com.connectEDPortfolio.testCases.Employer_Student_Page" name="searchStudent" time="6.407"/>
  <system-out/>
  <testcase classname="com.connectEDPortfolio.testCases.Employer_Student_Page" name="filterStudentByProgName" time="11.716"/>
  <system-out/>
  <testcase classname="com.connectEDPortfolio.testCases.Employer_Student_Page" name="viewProgressBtnFromModal" time="12.376"/>
  <system-out/>
  <testcase classname="com.connectEDPortfolio.testCases.Employer_Student_Page" name="editStudent" time="56.647"/>
  <system-out/>
  <testcase classname="com.connectEDPortfolio.testCases.Employer_Student_Page" name="deleteStudent" time="7.792"/>
  <system-out/>
</testsuite> <!-- com.connectEDPortfolio.testCases.Employer_Student_Page -->
