<?xml version="1.0" encoding="UTF-8"?>
<!-- Generated by org.testng.reporters.JUnitReportReporter -->
<testsuite hostname="DESKTOP-6JB123S" failures="0" tests="2" name="com.connectEDPortfolio.testCases.Employer_Student_Prog_Detail_Page_ETS06" time="53.214" errors="0" timestamp="2022-07-13T10:37:54 NPT" skipped="0">
  <testcase classname="com.connectEDPortfolio.testCases.Employer_Student_Prog_Detail_Page_ETS06" name="viewParticularStudent" time="30.438"/>
  <system-out/>
  <testcase classname="com.connectEDPortfolio.testCases.Employer_Student_Prog_Detail_Page_ETS06" name="verifyStudentProgDetailPage" time="22.776"/>
  <system-out/>
</testsuite> <!-- com.connectEDPortfolio.testCases.Employer_Student_Prog_Detail_Page_ETS06 -->
