<?xml version="1.0" encoding="UTF-8"?>
<!-- Generated by org.testng.reporters.JUnitReportReporter -->
<testsuite hostname="DESKTOP-6JB123S" failures="0" tests="2" name="com.connectEDPortfolio.testCases.Employer_Student_Prog_Detail_Page_ETS06" time="51.688" errors="0" timestamp="2022-07-13T12:15:32 NPT" skipped="0">
  <testcase classname="com.connectEDPortfolio.testCases.Employer_Student_Prog_Detail_Page_ETS06" name="viewParticularStudent" time="30.995"/>
  <system-out/>
  <testcase classname="com.connectEDPortfolio.testCases.Employer_Student_Prog_Detail_Page_ETS06" name="verifyStudentProgDetailPage" time="20.693"/>
  <system-out/>
</testsuite> <!-- com.connectEDPortfolio.testCases.Employer_Student_Prog_Detail_Page_ETS06 -->
