<?xml version="1.0" encoding="UTF-8"?>
<!-- Generated by org.testng.reporters.JUnitReportReporter -->
<testsuite hostname="DESKTOP-6JB123S" failures="0" tests="1" name="com.connectEDPortfolio.testCases.Employer_HomePage" time="44.842" errors="0" timestamp="2022-07-12T11:12:58 NPT" skipped="0">
  <testcase classname="com.connectEDPortfolio.testCases.Employer_HomePage" name="homePageVerification" time="44.842"/>
  <system-out/>
</testsuite> <!-- com.connectEDPortfolio.testCases.Employer_HomePage -->
